<?xml version="1.0" encoding="UTF-8"?>
<!-- Generated by org.testng.reporters.JUnitReportReporter -->
<testsuite hostname="LAPTOP-ALB1PIQL" failures="0" tests="1" name="hybrid_App.GoogleEarth" time="2.504" errors="0" timestamp="2024-10-03T10:43:35 IST" skipped="0">
  <testcase classname="hybrid_App.GoogleEarth" name="notification" time="2.504"/>
</testsuite> <!-- hybrid_App.GoogleEarth -->
