<?xml version="1.0" encoding="UTF-8"?>
<!-- Generated by org.testng.reporters.JUnitReportReporter -->
<testsuite hostname="LAPTOP-ALB1PIQL" failures="0" tests="1" name="native_App.Simplenote" time="59.491" errors="0" timestamp="2024-10-07T10:52:19 IST" skipped="0">
  <testcase classname="native_App.Simplenote" name="Test" time="59.491"/>
</testsuite> <!-- native_App.Simplenote -->
