<?xml version="1.0" encoding="UTF-8"?>
<!-- Generated by org.testng.reporters.JUnitReportReporter -->
<testsuite hostname="LAPTOP-ALB1PIQL" failures="0" tests="10" name="apiTesting.Beecaptor" time="14.877" errors="0" timestamp="2024-10-03T23:18:35 IST" skipped="0">
  <testcase classname="apiTesting.Beecaptor" name="t1" time="5.010"/>
  <system-out/>
  <testcase classname="apiTesting.Beecaptor" name="t2" time="1.108"/>
  <system-out/>
  <testcase classname="apiTesting.Beecaptor" name="t3" time="0.968"/>
  <system-out/>
  <testcase classname="apiTesting.Beecaptor" name="t4" time="1.083"/>
  <system-out/>
  <testcase classname="apiTesting.Beecaptor" name="t5" time="1.178"/>
  <system-out/>
  <testcase classname="apiTesting.Beecaptor" name="t6" time="1.169"/>
  <system-out/>
  <testcase classname="apiTesting.Beecaptor" name="t7" time="1.147"/>
  <system-out/>
  <testcase classname="apiTesting.Beecaptor" name="login" time="1.097"/>
  <system-out/>
  <testcase classname="apiTesting.Beecaptor" name="token" time="1.189"/>
  <system-out/>
  <testcase classname="apiTesting.Beecaptor" name="retrieve" time="0.928"/>
  <system-out/>
</testsuite> <!-- apiTesting.Beecaptor -->
